INFO:root:Identified 56198 images.
INFO:root:352 batches per epoch.
INFO:root:Starting epoch 1/20
INFO:root:[1, 1] loss: 1.482e+00
INFO:root:[1, 2] loss: 2.059e+00
INFO:root:[1, 3] loss: 1.074e+00
INFO:root:[1, 4] loss: 9.962e-01
INFO:root:[1, 5] loss: 1.336e+00
INFO:root:[1, 6] loss: 1.001e+00
INFO:root:[1, 7] loss: 9.259e-01
INFO:root:[1, 8] loss: 8.415e-01
INFO:root:[1, 9] loss: 7.125e-01
INFO:root:[1, 10] loss: 9.023e-01
INFO:root:[1, 11] loss: 7.228e-01
INFO:root:[1, 12] loss: 7.652e-01
INFO:root:[1, 13] loss: 6.913e-01
INFO:root:[1, 14] loss: 7.859e-01
INFO:root:[1, 15] loss: 7.255e-01
INFO:root:[1, 16] loss: 7.580e-01
INFO:root:[1, 17] loss: 7.822e-01
INFO:root:[1, 18] loss: 7.817e-01
INFO:root:[1, 19] loss: 7.649e-01
INFO:root:[1, 20] loss: 7.900e-01
INFO:root:[1, 21] loss: 7.132e-01
INFO:root:[1, 22] loss: 7.874e-01
INFO:root:[1, 23] loss: 7.551e-01
INFO:root:[1, 24] loss: 7.502e-01
INFO:root:[1, 25] loss: 7.175e-01
INFO:root:[1, 26] loss: 1.063e+00
INFO:root:[1, 27] loss: 7.037e-01
INFO:root:[1, 28] loss: 9.375e-01
INFO:root:[1, 29] loss: 7.189e-01
INFO:root:[1, 30] loss: 7.537e-01
INFO:root:[1, 31] loss: 6.341e-01
INFO:root:[1, 32] loss: 1.021e+00
INFO:root:[1, 33] loss: 6.932e-01
INFO:root:[1, 34] loss: 8.521e-01
INFO:root:[1, 35] loss: 8.273e-01
INFO:root:[1, 36] loss: 7.345e-01
INFO:root:[1, 37] loss: 8.855e-01
INFO:root:[1, 38] loss: 8.589e-01
INFO:root:[1, 39] loss: 7.491e-01
INFO:root:[1, 40] loss: 8.467e-01
INFO:root:[1, 41] loss: 7.771e-01
INFO:root:[1, 42] loss: 7.327e-01
INFO:root:[1, 43] loss: 7.002e-01
INFO:root:[1, 44] loss: 7.716e-01
INFO:root:[1, 45] loss: 9.039e-01
INFO:root:[1, 46] loss: 8.289e-01
INFO:root:[1, 47] loss: 7.033e-01
INFO:root:[1, 48] loss: 8.374e-01
INFO:root:[1, 49] loss: 7.621e-01
INFO:root:[1, 50] loss: 8.375e-01
INFO:root:[1, 51] loss: 7.093e-01
INFO:root:[1, 52] loss: 7.690e-01
INFO:root:[1, 53] loss: 7.171e-01
INFO:root:[1, 54] loss: 7.452e-01
INFO:root:[1, 55] loss: 8.276e-01
INFO:root:[1, 56] loss: 7.342e-01
INFO:root:[1, 57] loss: 7.746e-01
INFO:root:[1, 58] loss: 7.372e-01
INFO:root:[1, 59] loss: 8.224e-01
INFO:root:[1, 60] loss: 7.472e-01
INFO:root:[1, 61] loss: 8.010e-01
INFO:root:[1, 62] loss: 7.812e-01
INFO:root:[1, 63] loss: 8.282e-01
INFO:root:[1, 64] loss: 7.049e-01
INFO:root:[1, 65] loss: 7.070e-01
INFO:root:[1, 66] loss: 7.877e-01
INFO:root:[1, 67] loss: 7.016e-01
INFO:root:[1, 68] loss: 8.137e-01
INFO:root:[1, 69] loss: 7.478e-01
INFO:root:[1, 70] loss: 6.644e-01
INFO:root:[1, 71] loss: 7.466e-01
INFO:root:[1, 72] loss: 6.849e-01
INFO:root:[1, 73] loss: 7.999e-01
INFO:root:[1, 74] loss: 8.130e-01
INFO:root:[1, 75] loss: 6.789e-01
INFO:root:[1, 76] loss: 7.997e-01
INFO:root:[1, 77] loss: 6.133e-01
INFO:root:[1, 78] loss: 6.970e-01
INFO:root:[1, 79] loss: 7.008e-01
INFO:root:[1, 80] loss: 7.787e-01
INFO:root:[1, 81] loss: 6.611e-01
INFO:root:[1, 82] loss: 7.346e-01
INFO:root:[1, 83] loss: 6.957e-01
INFO:root:[1, 84] loss: 7.005e-01
INFO:root:[1, 85] loss: 7.723e-01
INFO:root:[1, 86] loss: 6.613e-01
INFO:root:[1, 87] loss: 6.037e-01
INFO:root:[1, 88] loss: 8.147e-01
INFO:root:[1, 89] loss: 8.499e-01
INFO:root:[1, 90] loss: 6.979e-01
INFO:root:[1, 91] loss: 7.617e-01
INFO:root:[1, 92] loss: 6.013e-01
INFO:root:[1, 93] loss: 7.300e-01
INFO:root:[1, 94] loss: 7.108e-01
INFO:root:[1, 95] loss: 6.672e-01
INFO:root:[1, 96] loss: 7.257e-01
INFO:root:[1, 97] loss: 7.761e-01
INFO:root:[1, 98] loss: 8.892e-01
INFO:root:[1, 99] loss: 7.218e-01
INFO:root:[1, 100] loss: 7.921e-01
INFO:root:[1, 101] loss: 6.591e-01
INFO:root:[1, 102] loss: 8.472e-01
INFO:root:[1, 103] loss: 7.035e-01
INFO:root:[1, 104] loss: 6.765e-01
INFO:root:[1, 105] loss: 6.764e-01
INFO:root:[1, 106] loss: 6.821e-01
INFO:root:[1, 107] loss: 7.470e-01
INFO:root:[1, 108] loss: 6.446e-01
INFO:root:[1, 109] loss: 7.925e-01
INFO:root:[1, 110] loss: 7.195e-01
INFO:root:[1, 111] loss: 7.236e-01
INFO:root:[1, 112] loss: 6.656e-01
INFO:root:[1, 113] loss: 7.727e-01
INFO:root:[1, 114] loss: 7.085e-01
INFO:root:[1, 115] loss: 6.206e-01
INFO:root:[1, 116] loss: 7.453e-01
INFO:root:[1, 117] loss: 7.508e-01
INFO:root:[1, 118] loss: 7.795e-01
INFO:root:[1, 119] loss: 6.842e-01
INFO:root:[1, 120] loss: 6.256e-01
INFO:root:[1, 121] loss: 8.649e-01
INFO:root:[1, 122] loss: 6.522e-01
INFO:root:[1, 123] loss: 6.433e-01
INFO:root:[1, 124] loss: 6.509e-01
INFO:root:[1, 125] loss: 7.476e-01
INFO:root:[1, 126] loss: 6.619e-01
INFO:root:[1, 127] loss: 6.661e-01
INFO:root:[1, 128] loss: 6.443e-01
INFO:root:[1, 129] loss: 6.630e-01
INFO:root:[1, 130] loss: 5.908e-01
INFO:root:[1, 131] loss: 8.363e-01
INFO:root:[1, 132] loss: 6.714e-01
INFO:root:[1, 133] loss: 7.707e-01
INFO:root:[1, 134] loss: 6.707e-01
INFO:root:[1, 135] loss: 6.586e-01
INFO:root:[1, 136] loss: 7.430e-01
INFO:root:[1, 137] loss: 6.868e-01
INFO:root:[1, 138] loss: 6.566e-01
INFO:root:[1, 139] loss: 7.729e-01
INFO:root:[1, 140] loss: 5.686e-01
INFO:root:[1, 141] loss: 6.979e-01
INFO:root:[1, 142] loss: 6.553e-01
INFO:root:[1, 143] loss: 6.581e-01
INFO:root:[1, 144] loss: 6.838e-01
INFO:root:[1, 145] loss: 6.390e-01
INFO:root:[1, 146] loss: 6.429e-01
INFO:root:[1, 147] loss: 7.670e-01
INFO:root:[1, 148] loss: 6.086e-01
INFO:root:[1, 149] loss: 6.766e-01
INFO:root:[1, 150] loss: 7.557e-01
INFO:root:[1, 151] loss: 7.327e-01
INFO:root:[1, 152] loss: 6.680e-01
INFO:root:[1, 153] loss: 6.623e-01
INFO:root:[1, 154] loss: 6.121e-01
INFO:root:[1, 155] loss: 7.289e-01
INFO:root:[1, 156] loss: 7.033e-01
INFO:root:[1, 157] loss: 5.601e-01
INFO:root:[1, 158] loss: 6.102e-01
INFO:root:[1, 159] loss: 6.776e-01
INFO:root:[1, 160] loss: 6.134e-01
INFO:root:[1, 161] loss: 6.617e-01
INFO:root:[1, 162] loss: 6.696e-01
INFO:root:[1, 163] loss: 7.571e-01
INFO:root:[1, 164] loss: 6.577e-01
INFO:root:[1, 165] loss: 8.367e-01
INFO:root:[1, 166] loss: 5.788e-01
INFO:root:[1, 167] loss: 7.731e-01
INFO:root:[1, 168] loss: 7.758e-01
INFO:root:[1, 169] loss: 6.259e-01
INFO:root:[1, 170] loss: 8.036e-01
INFO:root:[1, 171] loss: 6.549e-01
INFO:root:[1, 172] loss: 7.662e-01
INFO:root:[1, 173] loss: 6.572e-01
INFO:root:[1, 174] loss: 6.392e-01
INFO:root:[1, 175] loss: 7.697e-01
INFO:root:[1, 176] loss: 6.739e-01
INFO:root:[1, 177] loss: 5.783e-01
INFO:root:[1, 178] loss: 6.634e-01
INFO:root:[1, 179] loss: 5.493e-01
INFO:root:[1, 180] loss: 6.596e-01
INFO:root:[1, 181] loss: 6.399e-01
INFO:root:[1, 182] loss: 7.128e-01
INFO:root:[1, 183] loss: 6.621e-01
INFO:root:[1, 184] loss: 7.578e-01
INFO:root:[1, 185] loss: 7.250e-01
INFO:root:[1, 186] loss: 6.447e-01
INFO:root:[1, 187] loss: 6.551e-01
INFO:root:[1, 188] loss: 6.880e-01
INFO:root:[1, 189] loss: 7.497e-01
INFO:root:[1, 190] loss: 7.013e-01
INFO:root:[1, 191] loss: 7.110e-01
INFO:root:[1, 192] loss: 7.429e-01
INFO:root:[1, 193] loss: 6.300e-01
INFO:root:[1, 194] loss: 6.368e-01
INFO:root:[1, 195] loss: 5.786e-01
INFO:root:[1, 196] loss: 6.299e-01
INFO:root:[1, 197] loss: 6.531e-01
INFO:root:[1, 198] loss: 6.760e-01
INFO:root:[1, 199] loss: 5.326e-01
INFO:root:[1, 200] loss: 7.548e-01
INFO:root:[1, 201] loss: 7.209e-01
INFO:root:[1, 202] loss: 5.990e-01
INFO:root:[1, 203] loss: 6.233e-01
INFO:root:[1, 204] loss: 6.798e-01
INFO:root:[1, 205] loss: 6.267e-01
INFO:root:[1, 206] loss: 6.083e-01
INFO:root:[1, 207] loss: 5.504e-01
INFO:root:[1, 208] loss: 6.154e-01
INFO:root:[1, 209] loss: 6.765e-01
INFO:root:[1, 210] loss: 6.563e-01
INFO:root:[1, 211] loss: 5.837e-01
INFO:root:[1, 212] loss: 5.642e-01
INFO:root:[1, 213] loss: 6.248e-01
INFO:root:[1, 214] loss: 6.119e-01
INFO:root:[1, 215] loss: 6.122e-01
INFO:root:[1, 216] loss: 5.320e-01
INFO:root:[1, 217] loss: 6.117e-01
INFO:root:[1, 218] loss: 5.989e-01
INFO:root:[1, 219] loss: 5.739e-01
INFO:root:[1, 220] loss: 6.036e-01
INFO:root:[1, 221] loss: 6.087e-01
INFO:root:[1, 222] loss: 6.119e-01
INFO:root:[1, 223] loss: 5.716e-01
INFO:root:[1, 224] loss: 7.002e-01
INFO:root:[1, 225] loss: 6.370e-01
INFO:root:[1, 226] loss: 7.702e-01
INFO:root:[1, 227] loss: 6.507e-01
INFO:root:[1, 228] loss: 6.213e-01
INFO:root:[1, 229] loss: 7.302e-01
INFO:root:[1, 230] loss: 7.664e-01
INFO:root:[1, 231] loss: 6.948e-01
INFO:root:[1, 232] loss: 7.033e-01
INFO:root:[1, 233] loss: 6.068e-01
INFO:root:[1, 234] loss: 6.456e-01
INFO:root:[1, 235] loss: 6.836e-01
INFO:root:[1, 236] loss: 6.646e-01
INFO:root:[1, 237] loss: 7.079e-01
INFO:root:[1, 238] loss: 6.136e-01
INFO:root:[1, 239] loss: 6.141e-01
INFO:root:[1, 240] loss: 6.414e-01
INFO:root:[1, 241] loss: 5.867e-01
INFO:root:[1, 242] loss: 6.864e-01
INFO:root:[1, 243] loss: 8.071e-01
INFO:root:[1, 244] loss: 7.322e-01
INFO:root:[1, 245] loss: 6.568e-01
INFO:root:[1, 246] loss: 5.867e-01
INFO:root:[1, 247] loss: 6.249e-01
INFO:root:[1, 248] loss: 6.300e-01
INFO:root:[1, 249] loss: 7.279e-01
INFO:root:[1, 250] loss: 6.507e-01
INFO:root:[1, 251] loss: 6.771e-01
INFO:root:[1, 252] loss: 6.312e-01
INFO:root:[1, 253] loss: 7.067e-01
INFO:root:[1, 254] loss: 6.963e-01
INFO:root:[1, 255] loss: 6.052e-01
INFO:root:[1, 256] loss: 7.096e-01
INFO:root:[1, 257] loss: 7.079e-01
INFO:root:[1, 258] loss: 6.355e-01
INFO:root:[1, 259] loss: 6.897e-01
INFO:root:[1, 260] loss: 6.068e-01
INFO:root:[1, 261] loss: 5.916e-01
INFO:root:[1, 262] loss: 7.325e-01
INFO:root:[1, 263] loss: 6.581e-01
INFO:root:[1, 264] loss: 6.037e-01
INFO:root:[1, 265] loss: 6.867e-01
INFO:root:[1, 266] loss: 7.177e-01
INFO:root:[1, 267] loss: 6.599e-01
INFO:root:[1, 268] loss: 6.561e-01
INFO:root:[1, 269] loss: 6.359e-01
INFO:root:[1, 270] loss: 5.141e-01
INFO:root:[1, 271] loss: 5.929e-01
INFO:root:[1, 272] loss: 6.847e-01
INFO:root:[1, 273] loss: 5.899e-01
INFO:root:[1, 274] loss: 7.355e-01
INFO:root:[1, 275] loss: 6.387e-01
INFO:root:[1, 276] loss: 6.540e-01
INFO:root:[1, 277] loss: 7.306e-01
INFO:root:[1, 278] loss: 6.066e-01
INFO:root:[1, 279] loss: 6.825e-01
INFO:root:[1, 280] loss: 7.121e-01
INFO:root:[1, 281] loss: 6.792e-01
INFO:root:[1, 282] loss: 5.622e-01
INFO:root:[1, 283] loss: 6.558e-01
INFO:root:[1, 284] loss: 5.666e-01
INFO:root:[1, 285] loss: 6.073e-01
INFO:root:[1, 286] loss: 6.654e-01
INFO:root:[1, 287] loss: 5.877e-01
INFO:root:[1, 288] loss: 5.949e-01
INFO:root:[1, 289] loss: 6.728e-01
INFO:root:[1, 290] loss: 6.746e-01
INFO:root:[1, 291] loss: 5.668e-01
INFO:root:[1, 292] loss: 6.880e-01
INFO:root:[1, 293] loss: 7.107e-01
INFO:root:[1, 294] loss: 6.229e-01
INFO:root:[1, 295] loss: 6.801e-01
INFO:root:[1, 296] loss: 6.976e-01
INFO:root:[1, 297] loss: 6.486e-01
INFO:root:[1, 298] loss: 5.702e-01
INFO:root:[1, 299] loss: 5.599e-01
INFO:root:[1, 300] loss: 5.725e-01
INFO:root:[1, 301] loss: 5.898e-01
INFO:root:[1, 302] loss: 6.071e-01
INFO:root:[1, 303] loss: 5.653e-01
INFO:root:[1, 304] loss: 6.836e-01
INFO:root:[1, 305] loss: 7.117e-01
INFO:root:[1, 306] loss: 6.229e-01
INFO:root:[1, 307] loss: 4.583e-01
INFO:root:[1, 308] loss: 4.705e-01
INFO:root:[1, 309] loss: 5.816e-01
INFO:root:[1, 310] loss: 5.867e-01
INFO:root:[1, 311] loss: 4.208e-01
INFO:root:[1, 312] loss: 7.280e-01
INFO:root:[1, 313] loss: 5.325e-01
INFO:root:[1, 314] loss: 6.300e-01
INFO:root:[1, 315] loss: 6.435e-01
INFO:root:[1, 316] loss: 6.885e-01
INFO:root:[1, 317] loss: 6.630e-01
INFO:root:[1, 318] loss: 5.506e-01
INFO:root:[1, 319] loss: 6.329e-01
INFO:root:[1, 320] loss: 5.810e-01
INFO:root:[1, 321] loss: 6.625e-01
INFO:root:[1, 322] loss: 6.783e-01
INFO:root:[1, 323] loss: 5.241e-01
INFO:root:[1, 324] loss: 6.174e-01
INFO:root:[1, 325] loss: 5.770e-01
INFO:root:[1, 326] loss: 6.520e-01
INFO:root:[1, 327] loss: 6.256e-01
INFO:root:[1, 328] loss: 6.475e-01
INFO:root:[1, 329] loss: 6.461e-01
INFO:root:[1, 330] loss: 6.461e-01
INFO:root:[1, 331] loss: 6.449e-01
INFO:root:[1, 332] loss: 5.554e-01
INFO:root:[1, 333] loss: 6.621e-01
INFO:root:[1, 334] loss: 5.678e-01
INFO:root:[1, 335] loss: 6.194e-01
INFO:root:[1, 336] loss: 5.969e-01
INFO:root:[1, 337] loss: 6.704e-01
INFO:root:[1, 338] loss: 6.284e-01
INFO:root:[1, 339] loss: 6.708e-01
INFO:root:[1, 340] loss: 6.406e-01
INFO:root:[1, 341] loss: 5.849e-01
INFO:root:[1, 342] loss: 5.870e-01
INFO:root:[1, 343] loss: 6.593e-01
INFO:root:[1, 344] loss: 6.274e-01
INFO:root:[1, 345] loss: 6.957e-01
INFO:root:[1, 346] loss: 5.890e-01
INFO:root:[1, 347] loss: 5.780e-01
INFO:root:[1, 348] loss: 5.765e-01
INFO:root:[1, 349] loss: 5.605e-01
INFO:root:[1, 350] loss: 5.518e-01
INFO:root:[1, 351] loss: 6.788e-01
INFO:root:[1, 352] loss: 9.813e-01
INFO:root:Finished epoch 1/20 with total loss 31274.34954249859
INFO:root:39338 labels scanned
INFO:root:Accuracy : 75.57323707356754%
INFO:root:Number of False Negatives: 4713; as a pctg of all labels 11.98078194112563
INFO:root:Epoch total validation loss 23437.88434934616
INFO:root:Starting epoch 2/20
INFO:root:[2, 1] loss: 4.958e-01
INFO:root:[2, 2] loss: 6.333e-01
INFO:root:[2, 3] loss: 6.414e-01
INFO:root:[2, 4] loss: 6.300e-01
INFO:root:[2, 5] loss: 5.713e-01
INFO:root:[2, 6] loss: 6.763e-01
INFO:root:[2, 7] loss: 5.951e-01
INFO:root:[2, 8] loss: 5.688e-01
INFO:root:[2, 9] loss: 6.123e-01
INFO:root:[2, 10] loss: 6.147e-01
INFO:root:[2, 11] loss: 6.404e-01
INFO:root:[2, 12] loss: 5.723e-01
INFO:root:[2, 13] loss: 7.303e-01
INFO:root:[2, 14] loss: 6.722e-01
INFO:root:[2, 15] loss: 5.208e-01
INFO:root:[2, 16] loss: 4.897e-01
INFO:root:[2, 17] loss: 6.992e-01
INFO:root:[2, 18] loss: 5.504e-01
INFO:root:[2, 19] loss: 6.699e-01
INFO:root:[2, 20] loss: 5.270e-01
INFO:root:[2, 21] loss: 5.203e-01
INFO:root:[2, 22] loss: 6.195e-01
INFO:root:[2, 23] loss: 6.401e-01
INFO:root:[2, 24] loss: 4.949e-01
INFO:root:[2, 25] loss: 4.922e-01
INFO:root:[2, 26] loss: 5.261e-01
INFO:root:[2, 27] loss: 6.314e-01
INFO:root:[2, 28] loss: 4.755e-01
INFO:root:[2, 29] loss: 5.213e-01
INFO:root:[2, 30] loss: 6.774e-01
INFO:root:[2, 31] loss: 5.316e-01
INFO:root:[2, 32] loss: 6.512e-01
INFO:root:[2, 33] loss: 6.779e-01
INFO:root:[2, 34] loss: 7.090e-01
INFO:root:[2, 35] loss: 6.257e-01
INFO:root:[2, 36] loss: 7.255e-01
INFO:root:[2, 37] loss: 5.626e-01
INFO:root:[2, 38] loss: 6.556e-01
INFO:root:[2, 39] loss: 7.540e-01
INFO:root:[2, 40] loss: 6.011e-01
INFO:root:[2, 41] loss: 5.635e-01
INFO:root:[2, 42] loss: 5.287e-01
INFO:root:[2, 43] loss: 6.084e-01
INFO:root:[2, 44] loss: 6.761e-01
INFO:root:[2, 45] loss: 5.863e-01
INFO:root:[2, 46] loss: 6.072e-01
INFO:root:[2, 47] loss: 6.820e-01
INFO:root:[2, 48] loss: 7.696e-01
INFO:root:[2, 49] loss: 5.904e-01
INFO:root:[2, 50] loss: 6.713e-01
INFO:root:[2, 51] loss: 5.057e-01
INFO:root:[2, 52] loss: 5.396e-01
INFO:root:[2, 53] loss: 6.721e-01
INFO:root:[2, 54] loss: 5.726e-01
INFO:root:[2, 55] loss: 5.487e-01
INFO:root:[2, 56] loss: 5.371e-01
INFO:root:[2, 57] loss: 5.129e-01
INFO:root:[2, 58] loss: 5.214e-01
INFO:root:[2, 59] loss: 6.700e-01
INFO:root:[2, 60] loss: 6.079e-01
INFO:root:[2, 61] loss: 6.156e-01
INFO:root:[2, 62] loss: 5.785e-01
INFO:root:[2, 63] loss: 4.990e-01
INFO:root:[2, 64] loss: 5.829e-01
INFO:root:[2, 65] loss: 5.593e-01
INFO:root:[2, 66] loss: 6.401e-01
INFO:root:[2, 67] loss: 6.716e-01
INFO:root:[2, 68] loss: 5.757e-01
INFO:root:[2, 69] loss: 4.830e-01
INFO:root:[2, 70] loss: 5.989e-01
INFO:root:[2, 71] loss: 6.709e-01
INFO:root:[2, 72] loss: 6.036e-01
INFO:root:[2, 73] loss: 5.509e-01
INFO:root:[2, 74] loss: 6.798e-01
INFO:root:[2, 75] loss: 5.738e-01
INFO:root:[2, 76] loss: 6.186e-01
INFO:root:[2, 77] loss: 5.228e-01
INFO:root:[2, 78] loss: 5.300e-01
INFO:root:[2, 79] loss: 5.559e-01
INFO:root:[2, 80] loss: 6.262e-01
INFO:root:[2, 81] loss: 7.434e-01
INFO:root:[2, 82] loss: 5.874e-01
INFO:root:[2, 83] loss: 6.348e-01
INFO:root:[2, 84] loss: 6.124e-01
INFO:root:[2, 85] loss: 5.758e-01
INFO:root:[2, 86] loss: 6.639e-01
INFO:root:[2, 87] loss: 6.232e-01
INFO:root:[2, 88] loss: 6.366e-01
INFO:root:[2, 89] loss: 5.971e-01
INFO:root:[2, 90] loss: 6.627e-01
INFO:root:[2, 91] loss: 4.623e-01
INFO:root:[2, 92] loss: 4.945e-01
INFO:root:[2, 93] loss: 6.808e-01
INFO:root:[2, 94] loss: 6.596e-01
INFO:root:[2, 95] loss: 6.864e-01
INFO:root:[2, 96] loss: 5.924e-01
INFO:root:[2, 97] loss: 6.179e-01
INFO:root:[2, 98] loss: 6.562e-01
INFO:root:[2, 99] loss: 5.975e-01
INFO:root:[2, 100] loss: 7.259e-01
INFO:root:[2, 101] loss: 5.171e-01
INFO:root:[2, 102] loss: 5.206e-01
INFO:root:[2, 103] loss: 5.745e-01
INFO:root:[2, 104] loss: 6.053e-01
INFO:root:[2, 105] loss: 5.712e-01
INFO:root:[2, 106] loss: 5.901e-01
INFO:root:[2, 107] loss: 5.267e-01
INFO:root:[2, 108] loss: 5.885e-01
INFO:root:[2, 109] loss: 6.448e-01
INFO:root:[2, 110] loss: 6.221e-01
INFO:root:[2, 111] loss: 6.010e-01
INFO:root:[2, 112] loss: 5.173e-01
INFO:root:[2, 113] loss: 5.571e-01
INFO:root:[2, 114] loss: 6.054e-01
INFO:root:[2, 115] loss: 6.520e-01
INFO:root:[2, 116] loss: 5.887e-01
INFO:root:[2, 117] loss: 5.752e-01
INFO:root:[2, 118] loss: 5.609e-01
INFO:root:[2, 119] loss: 6.850e-01
INFO:root:[2, 120] loss: 6.304e-01
INFO:root:[2, 121] loss: 6.694e-01
INFO:root:[2, 122] loss: 5.939e-01
INFO:root:[2, 123] loss: 6.941e-01
INFO:root:[2, 124] loss: 5.374e-01
INFO:root:[2, 125] loss: 6.478e-01
INFO:root:[2, 126] loss: 5.518e-01
INFO:root:[2, 127] loss: 5.762e-01
INFO:root:[2, 128] loss: 6.530e-01
INFO:root:[2, 129] loss: 6.064e-01
INFO:root:[2, 130] loss: 5.481e-01
INFO:root:[2, 131] loss: 6.277e-01
INFO:root:[2, 132] loss: 4.772e-01
INFO:root:[2, 133] loss: 6.755e-01
INFO:root:[2, 134] loss: 5.380e-01
INFO:root:[2, 135] loss: 5.388e-01
INFO:root:[2, 136] loss: 5.026e-01
INFO:root:[2, 137] loss: 4.814e-01
INFO:root:[2, 138] loss: 5.691e-01
INFO:root:[2, 139] loss: 6.801e-01
INFO:root:[2, 140] loss: 5.605e-01
INFO:root:[2, 141] loss: 4.985e-01
INFO:root:[2, 142] loss: 5.367e-01
INFO:root:[2, 143] loss: 6.307e-01
INFO:root:[2, 144] loss: 5.828e-01
INFO:root:[2, 145] loss: 5.755e-01
INFO:root:[2, 146] loss: 5.882e-01
INFO:root:[2, 147] loss: 4.981e-01
INFO:root:[2, 148] loss: 5.829e-01
INFO:root:[2, 149] loss: 5.800e-01
INFO:root:[2, 150] loss: 5.120e-01
INFO:root:[2, 151] loss: 6.136e-01
INFO:root:[2, 152] loss: 6.197e-01
INFO:root:[2, 153] loss: 4.512e-01
INFO:root:[2, 154] loss: 6.310e-01
INFO:root:[2, 155] loss: 5.118e-01
INFO:root:[2, 156] loss: 4.801e-01
INFO:root:[2, 157] loss: 6.581e-01
INFO:root:[2, 158] loss: 5.788e-01
INFO:root:[2, 159] loss: 6.336e-01
INFO:root:[2, 160] loss: 4.278e-01
INFO:root:[2, 161] loss: 4.951e-01
INFO:root:[2, 162] loss: 5.139e-01
INFO:root:[2, 163] loss: 6.517e-01
INFO:root:[2, 164] loss: 5.805e-01
INFO:root:[2, 165] loss: 5.062e-01
INFO:root:[2, 166] loss: 5.803e-01
INFO:root:[2, 167] loss: 5.596e-01
INFO:root:[2, 168] loss: 5.368e-01
INFO:root:[2, 169] loss: 6.656e-01
INFO:root:[2, 170] loss: 6.848e-01
INFO:root:[2, 171] loss: 6.171e-01
INFO:root:[2, 172] loss: 5.143e-01
INFO:root:[2, 173] loss: 6.661e-01
INFO:root:[2, 174] loss: 7.038e-01
INFO:root:[2, 175] loss: 5.831e-01
INFO:root:[2, 176] loss: 5.232e-01
INFO:root:[2, 177] loss: 5.476e-01
INFO:root:[2, 178] loss: 5.159e-01
INFO:root:[2, 179] loss: 4.532e-01
INFO:root:[2, 180] loss: 5.990e-01
INFO:root:[2, 181] loss: 5.643e-01
INFO:root:[2, 182] loss: 6.223e-01
INFO:root:[2, 183] loss: 4.980e-01
INFO:root:[2, 184] loss: 6.241e-01
INFO:root:[2, 185] loss: 4.838e-01
INFO:root:[2, 186] loss: 5.248e-01
INFO:root:[2, 187] loss: 5.910e-01
INFO:root:[2, 188] loss: 5.834e-01
INFO:root:[2, 189] loss: 6.623e-01
INFO:root:[2, 190] loss: 5.774e-01
INFO:root:[2, 191] loss: 5.441e-01
INFO:root:[2, 192] loss: 4.210e-01
INFO:root:[2, 193] loss: 5.345e-01
INFO:root:[2, 194] loss: 7.098e-01
INFO:root:[2, 195] loss: 5.830e-01
INFO:root:[2, 196] loss: 5.657e-01
INFO:root:[2, 197] loss: 5.773e-01
INFO:root:[2, 198] loss: 5.605e-01
INFO:root:[2, 199] loss: 5.430e-01
INFO:root:[2, 200] loss: 5.173e-01
INFO:root:[2, 201] loss: 5.731e-01
INFO:root:[2, 202] loss: 5.571e-01
INFO:root:[2, 203] loss: 4.735e-01
INFO:root:[2, 204] loss: 6.694e-01
INFO:root:[2, 205] loss: 4.216e-01
INFO:root:[2, 206] loss: 5.804e-01
INFO:root:[2, 207] loss: 4.761e-01
INFO:root:[2, 208] loss: 5.683e-01
INFO:root:[2, 209] loss: 5.407e-01
INFO:root:[2, 210] loss: 5.504e-01
INFO:root:[2, 211] loss: 5.522e-01
INFO:root:[2, 212] loss: 5.984e-01
INFO:root:[2, 213] loss: 6.048e-01
INFO:root:[2, 214] loss: 6.342e-01
INFO:root:[2, 215] loss: 5.193e-01
INFO:root:[2, 216] loss: 5.218e-01
INFO:root:[2, 217] loss: 6.297e-01
INFO:root:[2, 218] loss: 5.906e-01
INFO:root:[2, 219] loss: 6.691e-01
INFO:root:[2, 220] loss: 5.602e-01
INFO:root:[2, 221] loss: 4.785e-01
INFO:root:[2, 222] loss: 4.972e-01
INFO:root:[2, 223] loss: 6.134e-01
INFO:root:[2, 224] loss: 4.727e-01
INFO:root:[2, 225] loss: 6.569e-01
INFO:root:[2, 226] loss: 6.449e-01
INFO:root:[2, 227] loss: 6.544e-01
INFO:root:[2, 228] loss: 5.500e-01
INFO:root:[2, 229] loss: 6.359e-01
INFO:root:[2, 230] loss: 5.332e-01
INFO:root:[2, 231] loss: 5.403e-01
INFO:root:[2, 232] loss: 6.104e-01
INFO:root:[2, 233] loss: 5.961e-01
INFO:root:[2, 234] loss: 5.539e-01
INFO:root:[2, 235] loss: 6.102e-01
INFO:root:[2, 236] loss: 5.232e-01
INFO:root:[2, 237] loss: 6.688e-01
INFO:root:[2, 238] loss: 6.031e-01
INFO:root:[2, 239] loss: 4.456e-01
INFO:root:[2, 240] loss: 6.056e-01
INFO:root:[2, 241] loss: 5.164e-01
INFO:root:[2, 242] loss: 5.520e-01
INFO:root:[2, 243] loss: 5.602e-01
INFO:root:[2, 244] loss: 5.398e-01
INFO:root:[2, 245] loss: 4.370e-01
INFO:root:[2, 246] loss: 4.308e-01
INFO:root:[2, 247] loss: 6.925e-01
INFO:root:[2, 248] loss: 4.774e-01
INFO:root:[2, 249] loss: 6.104e-01
INFO:root:[2, 250] loss: 5.735e-01
INFO:root:[2, 251] loss: 5.192e-01
INFO:root:[2, 252] loss: 4.953e-01
INFO:root:[2, 253] loss: 4.836e-01
INFO:root:[2, 254] loss: 4.772e-01
INFO:root:[2, 255] loss: 5.170e-01
INFO:root:[2, 256] loss: 5.653e-01
INFO:root:[2, 257] loss: 5.570e-01
INFO:root:[2, 258] loss: 5.050e-01
INFO:root:[2, 259] loss: 5.478e-01
INFO:root:[2, 260] loss: 5.032e-01
INFO:root:[2, 261] loss: 6.303e-01
INFO:root:[2, 262] loss: 5.122e-01
INFO:root:[2, 263] loss: 5.932e-01
INFO:root:[2, 264] loss: 5.907e-01
INFO:root:[2, 265] loss: 6.850e-01
INFO:root:[2, 266] loss: 6.819e-01
INFO:root:[2, 267] loss: 5.020e-01
INFO:root:[2, 268] loss: 5.814e-01
INFO:root:[2, 269] loss: 6.409e-01
INFO:root:[2, 270] loss: 4.632e-01
INFO:root:[2, 271] loss: 5.782e-01
INFO:root:[2, 272] loss: 5.349e-01
INFO:root:[2, 273] loss: 6.272e-01
INFO:root:[2, 274] loss: 6.075e-01
INFO:root:[2, 275] loss: 5.693e-01
INFO:root:[2, 276] loss: 5.542e-01
INFO:root:[2, 277] loss: 5.189e-01
INFO:root:[2, 278] loss: 6.944e-01
INFO:root:[2, 279] loss: 5.648e-01
INFO:root:[2, 280] loss: 5.698e-01
INFO:root:[2, 281] loss: 5.398e-01
INFO:root:[2, 282] loss: 5.691e-01
INFO:root:[2, 283] loss: 5.301e-01
INFO:root:[2, 284] loss: 5.809e-01
INFO:root:[2, 285] loss: 5.511e-01
INFO:root:[2, 286] loss: 5.022e-01
INFO:root:[2, 287] loss: 4.765e-01
INFO:root:[2, 288] loss: 5.779e-01
INFO:root:[2, 289] loss: 5.957e-01
INFO:root:[2, 290] loss: 4.895e-01
INFO:root:[2, 291] loss: 5.899e-01
INFO:root:[2, 292] loss: 5.436e-01
INFO:root:[2, 293] loss: 6.296e-01
INFO:root:[2, 294] loss: 6.607e-01
INFO:root:[2, 295] loss: 6.314e-01
INFO:root:[2, 296] loss: 6.835e-01
INFO:root:[2, 297] loss: 5.933e-01
INFO:root:[2, 298] loss: 5.534e-01
INFO:root:[2, 299] loss: 5.122e-01
INFO:root:[2, 300] loss: 5.353e-01
INFO:root:[2, 301] loss: 4.815e-01
INFO:root:[2, 302] loss: 5.643e-01
INFO:root:[2, 303] loss: 5.483e-01
INFO:root:[2, 304] loss: 5.967e-01
INFO:root:[2, 305] loss: 5.065e-01
INFO:root:[2, 306] loss: 6.416e-01
INFO:root:[2, 307] loss: 5.399e-01
INFO:root:[2, 308] loss: 4.673e-01
INFO:root:[2, 309] loss: 5.358e-01
INFO:root:[2, 310] loss: 7.491e-01
INFO:root:[2, 311] loss: 6.006e-01
INFO:root:[2, 312] loss: 5.105e-01
INFO:root:[2, 313] loss: 5.929e-01
INFO:root:[2, 314] loss: 5.699e-01
INFO:root:[2, 315] loss: 5.947e-01
INFO:root:[2, 316] loss: 5.844e-01
INFO:root:[2, 317] loss: 5.334e-01
INFO:root:[2, 318] loss: 5.371e-01
INFO:root:[2, 319] loss: 5.567e-01
INFO:root:[2, 320] loss: 4.335e-01
INFO:root:[2, 321] loss: 6.888e-01
INFO:root:[2, 322] loss: 5.085e-01
INFO:root:[2, 323] loss: 6.363e-01
INFO:root:[2, 324] loss: 5.800e-01
INFO:root:[2, 325] loss: 5.270e-01
INFO:root:[2, 326] loss: 5.551e-01
INFO:root:[2, 327] loss: 4.975e-01
INFO:root:[2, 328] loss: 6.101e-01
INFO:root:[2, 329] loss: 4.780e-01
INFO:root:[2, 330] loss: 5.895e-01
INFO:root:[2, 331] loss: 6.488e-01
INFO:root:[2, 332] loss: 5.234e-01
INFO:root:[2, 333] loss: 5.248e-01
INFO:root:[2, 334] loss: 5.876e-01
INFO:root:[2, 335] loss: 4.831e-01
INFO:root:[2, 336] loss: 5.820e-01
INFO:root:[2, 337] loss: 5.184e-01
INFO:root:[2, 338] loss: 5.150e-01
INFO:root:[2, 339] loss: 4.888e-01
INFO:root:[2, 340] loss: 4.689e-01
INFO:root:[2, 341] loss: 5.245e-01
INFO:root:[2, 342] loss: 6.947e-01
INFO:root:[2, 343] loss: 5.221e-01
INFO:root:[2, 344] loss: 6.000e-01
INFO:root:[2, 345] loss: 5.076e-01
INFO:root:[2, 346] loss: 4.866e-01
INFO:root:[2, 347] loss: 5.987e-01
INFO:root:[2, 348] loss: 6.973e-01
INFO:root:[2, 349] loss: 5.547e-01
INFO:root:[2, 350] loss: 6.696e-01
INFO:root:[2, 351] loss: 6.285e-01
INFO:root:[2, 352] loss: 7.221e-01
INFO:root:Finished epoch 2/20 with total loss 25992.166663765907
INFO:root:39338 labels scanned
INFO:root:Accuracy : 76.50363516192994%
INFO:root:Number of False Negatives: 5802; as a pctg of all labels 14.749097564695713
INFO:root:Epoch total validation loss 22309.724300026894
INFO:root:Starting epoch 3/20
INFO:root:[3, 1] loss: 6.121e-01
INFO:root:[3, 2] loss: 6.041e-01
INFO:root:[3, 3] loss: 5.480e-01
INFO:root:[3, 4] loss: 5.089e-01
INFO:root:[3, 5] loss: 5.350e-01
INFO:root:[3, 6] loss: 5.319e-01
INFO:root:[3, 7] loss: 5.443e-01
INFO:root:[3, 8] loss: 4.440e-01
INFO:root:[3, 9] loss: 5.572e-01
INFO:root:[3, 10] loss: 5.029e-01
INFO:root:[3, 11] loss: 5.697e-01
INFO:root:[3, 12] loss: 6.319e-01
INFO:root:[3, 13] loss: 5.834e-01
INFO:root:[3, 14] loss: 5.435e-01
INFO:root:[3, 15] loss: 5.680e-01
INFO:root:[3, 16] loss: 4.312e-01
INFO:root:[3, 17] loss: 5.034e-01
INFO:root:[3, 18] loss: 5.819e-01
INFO:root:[3, 19] loss: 5.146e-01
INFO:root:[3, 20] loss: 4.662e-01
INFO:root:[3, 21] loss: 5.413e-01
INFO:root:[3, 22] loss: 5.785e-01
INFO:root:[3, 23] loss: 5.697e-01
INFO:root:[3, 24] loss: 4.963e-01
INFO:root:[3, 25] loss: 5.038e-01
INFO:root:[3, 26] loss: 4.561e-01
INFO:root:[3, 27] loss: 5.558e-01
INFO:root:[3, 28] loss: 4.829e-01
INFO:root:[3, 29] loss: 7.763e-01
INFO:root:[3, 30] loss: 5.784e-01
INFO:root:[3, 31] loss: 5.800e-01
INFO:root:[3, 32] loss: 6.179e-01
INFO:root:[3, 33] loss: 5.987e-01
INFO:root:[3, 34] loss: 4.805e-01
INFO:root:[3, 35] loss: 5.179e-01
INFO:root:[3, 36] loss: 4.440e-01
INFO:root:[3, 37] loss: 6.052e-01
INFO:root:[3, 38] loss: 5.546e-01
INFO:root:[3, 39] loss: 6.180e-01
INFO:root:[3, 40] loss: 6.111e-01
INFO:root:[3, 41] loss: 6.488e-01
INFO:root:[3, 42] loss: 5.414e-01
INFO:root:[3, 43] loss: 5.991e-01
INFO:root:[3, 44] loss: 5.034e-01
INFO:root:[3, 45] loss: 5.309e-01
INFO:root:[3, 46] loss: 4.586e-01
INFO:root:[3, 47] loss: 5.951e-01
INFO:root:[3, 48] loss: 4.082e-01
INFO:root:[3, 49] loss: 5.473e-01
INFO:root:[3, 50] loss: 5.636e-01
INFO:root:[3, 51] loss: 5.059e-01
INFO:root:[3, 52] loss: 5.350e-01
INFO:root:[3, 53] loss: 5.226e-01
INFO:root:[3, 54] loss: 3.855e-01
INFO:root:[3, 55] loss: 6.786e-01
INFO:root:[3, 56] loss: 4.506e-01
INFO:root:[3, 57] loss: 6.380e-01
INFO:root:[3, 58] loss: 4.933e-01
INFO:root:[3, 59] loss: 3.743e-01
INFO:root:[3, 60] loss: 5.169e-01
INFO:root:[3, 61] loss: 4.520e-01
INFO:root:[3, 62] loss: 5.472e-01
INFO:root:[3, 63] loss: 4.183e-01
INFO:root:[3, 64] loss: 5.291e-01
INFO:root:[3, 65] loss: 5.259e-01
INFO:root:[3, 66] loss: 5.275e-01
INFO:root:[3, 67] loss: 5.643e-01
INFO:root:[3, 68] loss: 5.516e-01
INFO:root:[3, 69] loss: 5.826e-01
INFO:root:[3, 70] loss: 7.204e-01
INFO:root:[3, 71] loss: 5.162e-01
INFO:root:[3, 72] loss: 7.041e-01
INFO:root:[3, 73] loss: 5.269e-01
INFO:root:[3, 74] loss: 5.519e-01
INFO:root:[3, 75] loss: 6.388e-01
INFO:root:[3, 76] loss: 5.353e-01
INFO:root:[3, 77] loss: 6.344e-01
INFO:root:[3, 78] loss: 5.306e-01
INFO:root:[3, 79] loss: 6.243e-01
INFO:root:[3, 80] loss: 5.801e-01
INFO:root:[3, 81] loss: 4.631e-01
INFO:root:[3, 82] loss: 5.298e-01
INFO:root:[3, 83] loss: 6.097e-01
INFO:root:[3, 84] loss: 6.797e-01
INFO:root:[3, 85] loss: 6.358e-01
INFO:root:[3, 86] loss: 4.916e-01
INFO:root:[3, 87] loss: 4.826e-01
INFO:root:[3, 88] loss: 5.039e-01
INFO:root:[3, 89] loss: 5.980e-01
INFO:root:[3, 90] loss: 5.181e-01
INFO:root:[3, 91] loss: 7.043e-01
INFO:root:[3, 92] loss: 5.868e-01
INFO:root:[3, 93] loss: 5.555e-01
INFO:root:[3, 94] loss: 5.549e-01
INFO:root:[3, 95] loss: 5.957e-01
INFO:root:[3, 96] loss: 6.025e-01
INFO:root:[3, 97] loss: 6.140e-01
INFO:root:[3, 98] loss: 5.387e-01
INFO:root:[3, 99] loss: 5.430e-01
INFO:root:[3, 100] loss: 6.383e-01
INFO:root:[3, 101] loss: 5.663e-01
INFO:root:[3, 102] loss: 5.533e-01
INFO:root:[3, 103] loss: 6.515e-01
INFO:root:[3, 104] loss: 5.162e-01
INFO:root:[3, 105] loss: 5.369e-01
INFO:root:[3, 106] loss: 6.216e-01
INFO:root:[3, 107] loss: 4.554e-01
INFO:root:[3, 108] loss: 5.369e-01
INFO:root:[3, 109] loss: 4.420e-01
INFO:root:[3, 110] loss: 6.613e-01
INFO:root:[3, 111] loss: 4.253e-01
INFO:root:[3, 112] loss: 4.859e-01
INFO:root:[3, 113] loss: 5.490e-01
INFO:root:[3, 114] loss: 5.501e-01
INFO:root:[3, 115] loss: 4.748e-01
INFO:root:[3, 116] loss: 5.524e-01
INFO:root:[3, 117] loss: 4.667e-01
INFO:root:[3, 118] loss: 3.991e-01
INFO:root:[3, 119] loss: 5.101e-01
INFO:root:[3, 120] loss: 5.352e-01
INFO:root:[3, 121] loss: 5.099e-01
INFO:root:[3, 122] loss: 4.922e-01
INFO:root:[3, 123] loss: 5.509e-01
INFO:root:[3, 124] loss: 5.909e-01
INFO:root:[3, 125] loss: 4.251e-01
INFO:root:[3, 126] loss: 4.825e-01
INFO:root:[3, 127] loss: 5.202e-01
INFO:root:[3, 128] loss: 5.052e-01
INFO:root:[3, 129] loss: 5.117e-01
INFO:root:[3, 130] loss: 4.947e-01
INFO:root:[3, 131] loss: 5.235e-01
INFO:root:[3, 132] loss: 5.055e-01
INFO:root:[3, 133] loss: 5.107e-01
INFO:root:[3, 134] loss: 6.322e-01
INFO:root:[3, 135] loss: 5.705e-01
INFO:root:[3, 136] loss: 4.759e-01
INFO:root:[3, 137] loss: 5.043e-01
INFO:root:[3, 138] loss: 6.690e-01
INFO:root:[3, 139] loss: 5.169e-01
INFO:root:[3, 140] loss: 5.283e-01
INFO:root:[3, 141] loss: 4.348e-01
INFO:root:[3, 142] loss: 5.475e-01
INFO:root:[3, 143] loss: 5.068e-01
INFO:root:[3, 144] loss: 4.912e-01
INFO:root:[3, 145] loss: 4.741e-01
INFO:root:[3, 146] loss: 5.641e-01
INFO:root:[3, 147] loss: 4.629e-01
INFO:root:[3, 148] loss: 6.507e-01
INFO:root:[3, 149] loss: 5.009e-01
INFO:root:[3, 150] loss: 4.030e-01
INFO:root:[3, 151] loss: 5.642e-01
INFO:root:[3, 152] loss: 5.453e-01
INFO:root:[3, 153] loss: 3.802e-01
INFO:root:[3, 154] loss: 5.103e-01
INFO:root:[3, 155] loss: 5.819e-01
INFO:root:[3, 156] loss: 5.233e-01
INFO:root:[3, 157] loss: 4.422e-01
INFO:root:[3, 158] loss: 4.942e-01
INFO:root:[3, 159] loss: 5.288e-01
INFO:root:[3, 160] loss: 5.041e-01
INFO:root:[3, 161] loss: 4.930e-01
INFO:root:[3, 162] loss: 4.261e-01
INFO:root:[3, 163] loss: 4.969e-01
INFO:root:[3, 164] loss: 5.260e-01
INFO:root:[3, 165] loss: 3.646e-01
INFO:root:[3, 166] loss: 5.775e-01
INFO:root:[3, 167] loss: 4.737e-01
INFO:root:[3, 168] loss: 3.831e-01
INFO:root:[3, 169] loss: 4.925e-01
INFO:root:[3, 170] loss: 4.469e-01
INFO:root:[3, 171] loss: 5.758e-01
INFO:root:[3, 172] loss: 5.824e-01
INFO:root:[3, 173] loss: 5.389e-01
INFO:root:[3, 174] loss: 4.888e-01
INFO:root:[3, 175] loss: 5.239e-01
INFO:root:[3, 176] loss: 5.400e-01
INFO:root:[3, 177] loss: 5.783e-01
INFO:root:[3, 178] loss: 6.454e-01
INFO:root:[3, 179] loss: 5.340e-01
INFO:root:[3, 180] loss: 7.041e-01
INFO:root:[3, 181] loss: 5.500e-01
INFO:root:[3, 182] loss: 5.361e-01
INFO:root:[3, 183] loss: 4.623e-01
INFO:root:[3, 184] loss: 4.804e-01
INFO:root:[3, 185] loss: 5.847e-01
INFO:root:[3, 186] loss: 5.828e-01
INFO:root:[3, 187] loss: 5.407e-01
INFO:root:[3, 188] loss: 4.311e-01
INFO:root:[3, 189] loss: 5.259e-01
INFO:root:[3, 190] loss: 3.528e-01
INFO:root:[3, 191] loss: 4.710e-01
INFO:root:[3, 192] loss: 5.408e-01
INFO:root:[3, 193] loss: 4.585e-01
INFO:root:[3, 194] loss: 7.301e-01
INFO:root:[3, 195] loss: 5.983e-01
INFO:root:[3, 196] loss: 5.431e-01
INFO:root:[3, 197] loss: 4.675e-01
INFO:root:[3, 198] loss: 5.956e-01
INFO:root:[3, 199] loss: 5.039e-01
INFO:root:[3, 200] loss: 6.250e-01
INFO:root:[3, 201] loss: 6.201e-01
INFO:root:[3, 202] loss: 4.667e-01
INFO:root:[3, 203] loss: 4.975e-01
INFO:root:[3, 204] loss: 4.613e-01
INFO:root:[3, 205] loss: 5.782e-01
INFO:root:[3, 206] loss: 5.869e-01
INFO:root:[3, 207] loss: 5.477e-01
INFO:root:[3, 208] loss: 4.889e-01
INFO:root:[3, 209] loss: 5.836e-01
INFO:root:[3, 210] loss: 3.993e-01
INFO:root:[3, 211] loss: 6.109e-01
INFO:root:[3, 212] loss: 5.253e-01
INFO:root:[3, 213] loss: 5.013e-01
INFO:root:[3, 214] loss: 4.999e-01
INFO:root:[3, 215] loss: 5.512e-01
INFO:root:[3, 216] loss: 3.759e-01
INFO:root:[3, 217] loss: 4.116e-01
INFO:root:[3, 218] loss: 4.841e-01
INFO:root:[3, 219] loss: 5.048e-01
INFO:root:[3, 220] loss: 5.636e-01
INFO:root:[3, 221] loss: 5.094e-01
INFO:root:[3, 222] loss: 4.954e-01
INFO:root:[3, 223] loss: 4.964e-01
INFO:root:[3, 224] loss: 4.566e-01
INFO:root:[3, 225] loss: 5.368e-01
INFO:root:[3, 226] loss: 4.453e-01
INFO:root:[3, 227] loss: 4.329e-01
INFO:root:[3, 228] loss: 5.992e-01
INFO:root:[3, 229] loss: 5.119e-01
INFO:root:[3, 230] loss: 4.232e-01
INFO:root:[3, 231] loss: 5.635e-01
INFO:root:[3, 232] loss: 4.757e-01
INFO:root:[3, 233] loss: 4.423e-01
INFO:root:[3, 234] loss: 5.826e-01
INFO:root:[3, 235] loss: 4.854e-01
INFO:root:[3, 236] loss: 4.318e-01
INFO:root:[3, 237] loss: 3.689e-01
INFO:root:[3, 238] loss: 4.652e-01
INFO:root:[3, 239] loss: 5.691e-01
INFO:root:[3, 240] loss: 4.741e-01
INFO:root:[3, 241] loss: 4.950e-01
INFO:root:[3, 242] loss: 5.592e-01
INFO:root:[3, 243] loss: 4.368e-01
INFO:root:[3, 244] loss: 5.413e-01
INFO:root:[3, 245] loss: 5.995e-01
INFO:root:[3, 246] loss: 5.106e-01
INFO:root:[3, 247] loss: 4.656e-01
INFO:root:[3, 248] loss: 4.400e-01
INFO:root:[3, 249] loss: 5.362e-01
INFO:root:[3, 250] loss: 5.235e-01
INFO:root:[3, 251] loss: 6.585e-01
INFO:root:[3, 252] loss: 5.976e-01
INFO:root:[3, 253] loss: 4.899e-01
INFO:root:[3, 254] loss: 4.618e-01
INFO:root:[3, 255] loss: 5.767e-01
INFO:root:[3, 256] loss: 5.295e-01
INFO:root:[3, 257] loss: 6.438e-01
INFO:root:[3, 258] loss: 6.227e-01
INFO:root:[3, 259] loss: 4.902e-01
INFO:root:[3, 260] loss: 5.077e-01
INFO:root:[3, 261] loss: 4.948e-01
INFO:root:[3, 262] loss: 5.302e-01
INFO:root:[3, 263] loss: 5.962e-01
INFO:root:[3, 264] loss: 5.009e-01
INFO:root:[3, 265] loss: 4.760e-01
INFO:root:[3, 266] loss: 5.805e-01
INFO:root:[3, 267] loss: 6.915e-01
INFO:root:[3, 268] loss: 3.983e-01
INFO:root:[3, 269] loss: 4.901e-01
INFO:root:[3, 270] loss: 5.021e-01
INFO:root:[3, 271] loss: 5.266e-01
INFO:root:[3, 272] loss: 5.700e-01
INFO:root:[3, 273] loss: 4.401e-01
INFO:root:[3, 274] loss: 6.219e-01
INFO:root:[3, 275] loss: 4.593e-01
INFO:root:[3, 276] loss: 4.929e-01
INFO:root:[3, 277] loss: 6.615e-01
INFO:root:[3, 278] loss: 5.504e-01
INFO:root:[3, 279] loss: 3.865e-01
INFO:root:[3, 280] loss: 5.020e-01
INFO:root:[3, 281] loss: 4.569e-01
INFO:root:[3, 282] loss: 5.359e-01
INFO:root:[3, 283] loss: 6.307e-01
INFO:root:[3, 284] loss: 4.998e-01
INFO:root:[3, 285] loss: 4.747e-01
INFO:root:[3, 286] loss: 5.143e-01
INFO:root:[3, 287] loss: 4.800e-01
INFO:root:[3, 288] loss: 4.716e-01
INFO:root:[3, 289] loss: 5.452e-01
INFO:root:[3, 290] loss: 5.360e-01
INFO:root:[3, 291] loss: 5.931e-01
INFO:root:[3, 292] loss: 5.245e-01
INFO:root:[3, 293] loss: 5.458e-01
INFO:root:[3, 294] loss: 5.120e-01
INFO:root:[3, 295] loss: 5.152e-01
INFO:root:[3, 296] loss: 4.766e-01
INFO:root:[3, 297] loss: 5.297e-01
INFO:root:[3, 298] loss: 4.561e-01
INFO:root:[3, 299] loss: 6.035e-01
INFO:root:[3, 300] loss: 6.091e-01
INFO:root:[3, 301] loss: 5.072e-01
INFO:root:[3, 302] loss: 5.257e-01
INFO:root:[3, 303] loss: 4.971e-01
INFO:root:[3, 304] loss: 4.895e-01
INFO:root:[3, 305] loss: 5.036e-01
INFO:root:[3, 306] loss: 5.464e-01
INFO:root:[3, 307] loss: 4.693e-01
INFO:root:[3, 308] loss: 5.456e-01
INFO:root:[3, 309] loss: 4.163e-01
INFO:root:[3, 310] loss: 5.179e-01
INFO:root:[3, 311] loss: 5.283e-01
INFO:root:[3, 312] loss: 6.128e-01
INFO:root:[3, 313] loss: 5.152e-01
INFO:root:[3, 314] loss: 4.928e-01
INFO:root:[3, 315] loss: 6.954e-01
INFO:root:[3, 316] loss: 4.402e-01
INFO:root:[3, 317] loss: 5.386e-01
INFO:root:[3, 318] loss: 4.082e-01
INFO:root:[3, 319] loss: 6.252e-01
INFO:root:[3, 320] loss: 5.161e-01
INFO:root:[3, 321] loss: 6.202e-01
INFO:root:[3, 322] loss: 5.581e-01
INFO:root:[3, 323] loss: 4.863e-01
INFO:root:[3, 324] loss: 5.579e-01
INFO:root:[3, 325] loss: 5.380e-01
INFO:root:[3, 326] loss: 5.421e-01
INFO:root:[3, 327] loss: 5.370e-01
INFO:root:[3, 328] loss: 4.248e-01
INFO:root:[3, 329] loss: 4.339e-01
INFO:root:[3, 330] loss: 5.777e-01
INFO:root:[3, 331] loss: 4.850e-01
INFO:root:[3, 332] loss: 4.779e-01
INFO:root:[3, 333] loss: 4.416e-01
INFO:root:[3, 334] loss: 6.364e-01
INFO:root:[3, 335] loss: 4.775e-01
INFO:root:[3, 336] loss: 4.959e-01
INFO:root:[3, 337] loss: 4.697e-01
INFO:root:[3, 338] loss: 5.332e-01
INFO:root:[3, 339] loss: 5.801e-01
INFO:root:[3, 340] loss: 5.349e-01
INFO:root:[3, 341] loss: 4.392e-01
INFO:root:[3, 342] loss: 4.427e-01
INFO:root:[3, 343] loss: 5.021e-01
INFO:root:[3, 344] loss: 5.939e-01
INFO:root:[3, 345] loss: 3.563e-01
INFO:root:[3, 346] loss: 6.128e-01
INFO:root:[3, 347] loss: 5.015e-01
INFO:root:[3, 348] loss: 4.444e-01
INFO:root:[3, 349] loss: 4.394e-01
INFO:root:[3, 350] loss: 4.910e-01
INFO:root:[3, 351] loss: 4.828e-01
INFO:root:[3, 352] loss: 3.300e-01
INFO:root:Finished epoch 3/20 with total loss 23695.81023925543
INFO:root:39338 labels scanned
INFO:root:Accuracy : 78.84996695307336%
INFO:root:Number of False Negatives: 3767; as a pctg of all labels 9.575982510549595
INFO:root:Epoch total validation loss 20471.52536147833
INFO:root:Starting epoch 4/20
INFO:root:[4, 1] loss: 4.871e-01
INFO:root:[4, 2] loss: 4.273e-01
INFO:root:[4, 3] loss: 5.356e-01
INFO:root:[4, 4] loss: 4.181e-01
INFO:root:[4, 5] loss: 7.503e-01
INFO:root:[4, 6] loss: 5.580e-01
INFO:root:[4, 7] loss: 5.720e-01
INFO:root:[4, 8] loss: 5.742e-01
INFO:root:[4, 9] loss: 4.820e-01
INFO:root:[4, 10] loss: 5.178e-01
INFO:root:[4, 11] loss: 5.800e-01
INFO:root:[4, 12] loss: 5.028e-01
INFO:root:[4, 13] loss: 5.441e-01
INFO:root:[4, 14] loss: 5.711e-01
INFO:root:[4, 15] loss: 5.240e-01
INFO:root:[4, 16] loss: 5.011e-01
INFO:root:[4, 17] loss: 5.125e-01
INFO:root:[4, 18] loss: 5.002e-01
INFO:root:[4, 19] loss: 4.659e-01
INFO:root:[4, 20] loss: 4.491e-01
INFO:root:[4, 21] loss: 4.711e-01
INFO:root:[4, 22] loss: 6.119e-01
INFO:root:[4, 23] loss: 4.081e-01
INFO:root:[4, 24] loss: 6.035e-01
INFO:root:[4, 25] loss: 4.937e-01
INFO:root:[4, 26] loss: 4.746e-01
INFO:root:[4, 27] loss: 5.571e-01
INFO:root:[4, 28] loss: 4.515e-01
INFO:root:[4, 29] loss: 4.887e-01
INFO:root:[4, 30] loss: 4.631e-01
INFO:root:[4, 31] loss: 4.546e-01
INFO:root:[4, 32] loss: 4.975e-01
INFO:root:[4, 33] loss: 5.208e-01
INFO:root:[4, 34] loss: 6.821e-01
INFO:root:[4, 35] loss: 4.085e-01
INFO:root:[4, 36] loss: 5.027e-01
INFO:root:[4, 37] loss: 3.950e-01
INFO:root:[4, 38] loss: 7.334e-01
INFO:root:[4, 39] loss: 4.334e-01
INFO:root:[4, 40] loss: 4.284e-01
INFO:root:[4, 41] loss: 5.345e-01
INFO:root:[4, 42] loss: 4.869e-01
INFO:root:[4, 43] loss: 4.647e-01
INFO:root:[4, 44] loss: 5.328e-01
INFO:root:[4, 45] loss: 4.719e-01
INFO:root:[4, 46] loss: 5.776e-01
INFO:root:[4, 47] loss: 5.984e-01
INFO:root:[4, 48] loss: 4.006e-01
INFO:root:[4, 49] loss: 4.895e-01
INFO:root:[4, 50] loss: 6.226e-01
INFO:root:[4, 51] loss: 5.680e-01
INFO:root:[4, 52] loss: 4.232e-01
INFO:root:[4, 53] loss: 4.169e-01
INFO:root:[4, 54] loss: 5.458e-01
INFO:root:[4, 55] loss: 4.854e-01
INFO:root:[4, 56] loss: 5.634e-01
INFO:root:[4, 57] loss: 4.536e-01
INFO:root:[4, 58] loss: 5.158e-01
INFO:root:[4, 59] loss: 5.448e-01
INFO:root:[4, 60] loss: 4.181e-01
INFO:root:[4, 61] loss: 5.275e-01
INFO:root:[4, 62] loss: 4.831e-01
INFO:root:[4, 63] loss: 4.464e-01
INFO:root:[4, 64] loss: 4.542e-01
INFO:root:[4, 65] loss: 4.975e-01
INFO:root:[4, 66] loss: 6.511e-01
INFO:root:[4, 67] loss: 4.341e-01
INFO:root:[4, 68] loss: 5.056e-01
INFO:root:[4, 69] loss: 4.130e-01
INFO:root:[4, 70] loss: 4.141e-01
INFO:root:[4, 71] loss: 4.295e-01
INFO:root:[4, 72] loss: 4.277e-01
INFO:root:[4, 73] loss: 4.884e-01
INFO:root:[4, 74] loss: 4.871e-01
INFO:root:[4, 75] loss: 4.287e-01
INFO:root:[4, 76] loss: 5.165e-01
INFO:root:[4, 77] loss: 5.269e-01
INFO:root:[4, 78] loss: 5.384e-01
INFO:root:[4, 79] loss: 4.267e-01
INFO:root:[4, 80] loss: 6.112e-01
INFO:root:[4, 81] loss: 6.291e-01
INFO:root:[4, 82] loss: 3.936e-01
INFO:root:[4, 83] loss: 5.618e-01
INFO:root:[4, 84] loss: 4.836e-01
INFO:root:[4, 85] loss: 6.274e-01
INFO:root:[4, 86] loss: 4.429e-01
INFO:root:[4, 87] loss: 4.060e-01
INFO:root:[4, 88] loss: 5.110e-01
INFO:root:[4, 89] loss: 5.771e-01
INFO:root:[4, 90] loss: 5.440e-01
INFO:root:[4, 91] loss: 4.989e-01
INFO:root:[4, 92] loss: 4.182e-01
INFO:root:[4, 93] loss: 6.133e-01
INFO:root:[4, 94] loss: 5.481e-01
INFO:root:[4, 95] loss: 5.309e-01
INFO:root:[4, 96] loss: 6.530e-01
INFO:root:[4, 97] loss: 5.054e-01
INFO:root:[4, 98] loss: 4.359e-01
INFO:root:[4, 99] loss: 4.670e-01
INFO:root:[4, 100] loss: 4.725e-01
INFO:root:[4, 101] loss: 5.009e-01
INFO:root:[4, 102] loss: 4.680e-01
INFO:root:[4, 103] loss: 6.192e-01
INFO:root:[4, 104] loss: 4.284e-01
INFO:root:[4, 105] loss: 5.294e-01
INFO:root:[4, 106] loss: 5.469e-01
INFO:root:[4, 107] loss: 5.672e-01
INFO:root:[4, 108] loss: 6.226e-01
INFO:root:[4, 109] loss: 6.179e-01
INFO:root:[4, 110] loss: 5.237e-01
INFO:root:[4, 111] loss: 4.640e-01
INFO:root:[4, 112] loss: 5.301e-01
INFO:root:[4, 113] loss: 5.411e-01
INFO:root:[4, 114] loss: 6.178e-01
INFO:root:[4, 115] loss: 4.944e-01
INFO:root:[4, 116] loss: 6.143e-01
INFO:root:[4, 117] loss: 5.686e-01
INFO:root:[4, 118] loss: 5.280e-01
INFO:root:[4, 119] loss: 4.564e-01
INFO:root:[4, 120] loss: 4.325e-01
INFO:root:[4, 121] loss: 6.020e-01
INFO:root:[4, 122] loss: 4.581e-01
INFO:root:[4, 123] loss: 4.606e-01
INFO:root:[4, 124] loss: 4.026e-01
INFO:root:[4, 125] loss: 5.294e-01
INFO:root:[4, 126] loss: 4.409e-01
INFO:root:[4, 127] loss: 6.900e-01
INFO:root:[4, 128] loss: 4.177e-01
INFO:root:[4, 129] loss: 4.208e-01
INFO:root:[4, 130] loss: 5.051e-01
INFO:root:[4, 131] loss: 4.699e-01
INFO:root:[4, 132] loss: 4.447e-01
INFO:root:[4, 133] loss: 5.110e-01
INFO:root:[4, 134] loss: 4.819e-01
INFO:root:[4, 135] loss: 4.473e-01
INFO:root:[4, 136] loss: 5.335e-01
INFO:root:[4, 137] loss: 4.501e-01
INFO:root:[4, 138] loss: 4.094e-01
INFO:root:[4, 139] loss: 5.401e-01
INFO:root:[4, 140] loss: 4.736e-01
INFO:root:[4, 141] loss: 4.894e-01
INFO:root:[4, 142] loss: 3.965e-01
INFO:root:[4, 143] loss: 4.150e-01
INFO:root:[4, 144] loss: 5.360e-01
INFO:root:[4, 145] loss: 4.796e-01
INFO:root:[4, 146] loss: 4.853e-01
INFO:root:[4, 147] loss: 4.582e-01
INFO:root:[4, 148] loss: 5.111e-01
INFO:root:[4, 149] loss: 4.963e-01
INFO:root:[4, 150] loss: 4.906e-01
INFO:root:[4, 151] loss: 4.679e-01
INFO:root:[4, 152] loss: 4.685e-01
INFO:root:[4, 153] loss: 4.786e-01
INFO:root:[4, 154] loss: 3.631e-01
INFO:root:[4, 155] loss: 4.126e-01
INFO:root:[4, 156] loss: 3.832e-01
INFO:root:[4, 157] loss: 3.709e-01
INFO:root:[4, 158] loss: 7.147e-01
INFO:root:[4, 159] loss: 5.302e-01
INFO:root:[4, 160] loss: 4.511e-01
INFO:root:[4, 161] loss: 4.649e-01
INFO:root:[4, 162] loss: 5.124e-01
INFO:root:[4, 163] loss: 5.506e-01
INFO:root:[4, 164] loss: 4.868e-01
INFO:root:[4, 165] loss: 4.478e-01
INFO:root:[4, 166] loss: 4.839e-01
INFO:root:[4, 167] loss: 5.214e-01
INFO:root:[4, 168] loss: 4.886e-01
INFO:root:[4, 169] loss: 5.127e-01
INFO:root:[4, 170] loss: 4.694e-01
INFO:root:[4, 171] loss: 5.650e-01
INFO:root:[4, 172] loss: 4.852e-01
INFO:root:[4, 173] loss: 4.991e-01
INFO:root:[4, 174] loss: 4.304e-01
INFO:root:[4, 175] loss: 5.254e-01
INFO:root:[4, 176] loss: 5.469e-01
INFO:root:[4, 177] loss: 5.070e-01
INFO:root:[4, 178] loss: 3.878e-01
INFO:root:[4, 179] loss: 4.837e-01
INFO:root:[4, 180] loss: 6.051e-01
INFO:root:[4, 181] loss: 4.743e-01
INFO:root:[4, 182] loss: 4.505e-01
INFO:root:[4, 183] loss: 4.558e-01
INFO:root:[4, 184] loss: 3.832e-01
INFO:root:[4, 185] loss: 3.808e-01
INFO:root:[4, 186] loss: 7.638e-01
INFO:root:[4, 187] loss: 3.603e-01
INFO:root:[4, 188] loss: 4.062e-01
INFO:root:[4, 189] loss: 5.300e-01
INFO:root:[4, 190] loss: 4.979e-01
INFO:root:[4, 191] loss: 3.704e-01
INFO:root:[4, 192] loss: 4.353e-01
INFO:root:[4, 193] loss: 4.597e-01
INFO:root:[4, 194] loss: 4.844e-01
INFO:root:[4, 195] loss: 4.774e-01
INFO:root:[4, 196] loss: 5.038e-01
INFO:root:[4, 197] loss: 4.553e-01
INFO:root:[4, 198] loss: 4.880e-01
INFO:root:[4, 199] loss: 5.067e-01
INFO:root:[4, 200] loss: 3.561e-01
INFO:root:[4, 201] loss: 4.426e-01
INFO:root:[4, 202] loss: 4.468e-01
INFO:root:[4, 203] loss: 4.818e-01
INFO:root:[4, 204] loss: 5.617e-01
INFO:root:[4, 205] loss: 4.107e-01
INFO:root:[4, 206] loss: 4.402e-01
INFO:root:[4, 207] loss: 4.764e-01
INFO:root:[4, 208] loss: 5.092e-01
INFO:root:[4, 209] loss: 5.530e-01
INFO:root:[4, 210] loss: 4.799e-01
INFO:root:[4, 211] loss: 4.856e-01
INFO:root:[4, 212] loss: 4.086e-01
INFO:root:[4, 213] loss: 5.765e-01
INFO:root:[4, 214] loss: 4.207e-01
INFO:root:[4, 215] loss: 5.577e-01
INFO:root:[4, 216] loss: 4.523e-01
INFO:root:[4, 217] loss: 5.134e-01
INFO:root:[4, 218] loss: 3.744e-01
INFO:root:[4, 219] loss: 5.434e-01
INFO:root:[4, 220] loss: 6.181e-01
INFO:root:[4, 221] loss: 5.551e-01
INFO:root:[4, 222] loss: 5.089e-01
INFO:root:[4, 223] loss: 5.203e-01
INFO:root:[4, 224] loss: 4.200e-01
INFO:root:[4, 225] loss: 4.177e-01
INFO:root:[4, 226] loss: 4.567e-01
INFO:root:[4, 227] loss: 3.451e-01
INFO:root:[4, 228] loss: 6.411e-01
INFO:root:[4, 229] loss: 4.685e-01
INFO:root:[4, 230] loss: 5.214e-01
INFO:root:[4, 231] loss: 4.498e-01
INFO:root:[4, 232] loss: 4.632e-01
INFO:root:[4, 233] loss: 5.976e-01
INFO:root:[4, 234] loss: 5.180e-01
INFO:root:[4, 235] loss: 5.310e-01
INFO:root:[4, 236] loss: 5.249e-01
INFO:root:[4, 237] loss: 5.971e-01
INFO:root:[4, 238] loss: 5.132e-01
INFO:root:[4, 239] loss: 5.686e-01
INFO:root:[4, 240] loss: 3.819e-01
INFO:root:[4, 241] loss: 5.145e-01
INFO:root:[4, 242] loss: 4.726e-01
INFO:root:[4, 243] loss: 5.154e-01
INFO:root:[4, 244] loss: 6.140e-01
INFO:root:[4, 245] loss: 4.604e-01
INFO:root:[4, 246] loss: 4.588e-01
INFO:root:[4, 247] loss: 6.375e-01
INFO:root:[4, 248] loss: 4.509e-01
INFO:root:[4, 249] loss: 4.757e-01
INFO:root:[4, 250] loss: 4.021e-01
INFO:root:[4, 251] loss: 4.610e-01
INFO:root:[4, 252] loss: 6.246e-01
INFO:root:[4, 253] loss: 3.523e-01
INFO:root:[4, 254] loss: 5.036e-01
INFO:root:[4, 255] loss: 5.124e-01
INFO:root:[4, 256] loss: 5.144e-01
INFO:root:[4, 257] loss: 3.322e-01
INFO:root:[4, 258] loss: 4.322e-01
INFO:root:[4, 259] loss: 5.090e-01
INFO:root:[4, 260] loss: 4.428e-01
INFO:root:[4, 261] loss: 4.294e-01
INFO:root:[4, 262] loss: 5.569e-01
INFO:root:[4, 263] loss: 6.020e-01
INFO:root:[4, 264] loss: 5.378e-01
INFO:root:[4, 265] loss: 5.213e-01
INFO:root:[4, 266] loss: 5.139e-01
INFO:root:[4, 267] loss: 4.633e-01
INFO:root:[4, 268] loss: 4.384e-01
INFO:root:[4, 269] loss: 5.234e-01
INFO:root:[4, 270] loss: 5.491e-01
INFO:root:[4, 271] loss: 6.070e-01
INFO:root:[4, 272] loss: 5.317e-01
INFO:root:[4, 273] loss: 5.456e-01
INFO:root:[4, 274] loss: 5.511e-01
INFO:root:[4, 275] loss: 5.345e-01
INFO:root:[4, 276] loss: 4.501e-01
INFO:root:[4, 277] loss: 5.108e-01
INFO:root:[4, 278] loss: 5.725e-01
INFO:root:[4, 279] loss: 5.124e-01
INFO:root:[4, 280] loss: 4.004e-01
INFO:root:[4, 281] loss: 4.562e-01
INFO:root:[4, 282] loss: 4.552e-01
INFO:root:[4, 283] loss: 5.381e-01
INFO:root:[4, 284] loss: 4.711e-01
INFO:root:[4, 285] loss: 4.683e-01
INFO:root:[4, 286] loss: 6.063e-01
INFO:root:[4, 287] loss: 5.357e-01
INFO:root:[4, 288] loss: 4.711e-01
INFO:root:[4, 289] loss: 4.128e-01
INFO:root:[4, 290] loss: 4.604e-01
INFO:root:[4, 291] loss: 5.302e-01
INFO:root:[4, 292] loss: 6.030e-01
INFO:root:[4, 293] loss: 6.257e-01
INFO:root:[4, 294] loss: 4.533e-01
INFO:root:[4, 295] loss: 4.220e-01
INFO:root:[4, 296] loss: 4.434e-01
INFO:root:[4, 297] loss: 3.738e-01
INFO:root:[4, 298] loss: 5.056e-01
INFO:root:[4, 299] loss: 5.492e-01
INFO:root:[4, 300] loss: 3.840e-01
INFO:root:[4, 301] loss: 5.868e-01
INFO:root:[4, 302] loss: 5.437e-01
INFO:root:[4, 303] loss: 3.896e-01
INFO:root:[4, 304] loss: 5.793e-01
INFO:root:[4, 305] loss: 5.125e-01
INFO:root:[4, 306] loss: 4.427e-01
INFO:root:[4, 307] loss: 3.407e-01
INFO:root:[4, 308] loss: 4.932e-01
INFO:root:[4, 309] loss: 4.559e-01
INFO:root:[4, 310] loss: 5.050e-01
INFO:root:[4, 311] loss: 5.715e-01
INFO:root:[4, 312] loss: 5.354e-01
INFO:root:[4, 313] loss: 4.669e-01
INFO:root:[4, 314] loss: 5.698e-01
INFO:root:[4, 315] loss: 4.624e-01
INFO:root:[4, 316] loss: 5.245e-01
INFO:root:[4, 317] loss: 3.206e-01
INFO:root:[4, 318] loss: 4.898e-01
INFO:root:[4, 319] loss: 4.998e-01
INFO:root:[4, 320] loss: 4.897e-01
INFO:root:[4, 321] loss: 4.466e-01
INFO:root:[4, 322] loss: 4.533e-01
INFO:root:[4, 323] loss: 6.131e-01
INFO:root:[4, 324] loss: 4.327e-01
INFO:root:[4, 325] loss: 4.958e-01
INFO:root:[4, 326] loss: 3.531e-01
INFO:root:[4, 327] loss: 2.904e-01
INFO:root:[4, 328] loss: 5.086e-01
INFO:root:[4, 329] loss: 4.636e-01
INFO:root:[4, 330] loss: 6.525e-01
INFO:root:[4, 331] loss: 3.894e-01
INFO:root:[4, 332] loss: 3.767e-01
INFO:root:[4, 333] loss: 5.534e-01
INFO:root:[4, 334] loss: 6.320e-01
INFO:root:[4, 335] loss: 3.902e-01
INFO:root:[4, 336] loss: 4.516e-01
INFO:root:[4, 337] loss: 4.171e-01
INFO:root:[4, 338] loss: 4.074e-01
INFO:root:[4, 339] loss: 6.688e-01
INFO:root:[4, 340] loss: 3.913e-01
INFO:root:[4, 341] loss: 5.322e-01
INFO:root:[4, 342] loss: 4.772e-01
INFO:root:[4, 343] loss: 6.087e-01
INFO:root:[4, 344] loss: 5.054e-01
INFO:root:[4, 345] loss: 4.537e-01
INFO:root:[4, 346] loss: 3.992e-01
INFO:root:[4, 347] loss: 5.292e-01
INFO:root:[4, 348] loss: 5.359e-01
INFO:root:[4, 349] loss: 5.347e-01
INFO:root:[4, 350] loss: 4.766e-01
INFO:root:[4, 351] loss: 4.028e-01
INFO:root:[4, 352] loss: 7.066e-01
INFO:root:Finished epoch 4/20 with total loss 22273.742359519005
INFO:root:39338 labels scanned
INFO:root:Accuracy : 81.30052366668362%
INFO:root:Number of False Negatives: 4657; as a pctg of all labels 11.838425949463623
INFO:root:Epoch total validation loss 18674.966800630093
INFO:root:Starting epoch 5/20
INFO:root:[5, 1] loss: 5.122e-01
INFO:root:[5, 2] loss: 4.692e-01
INFO:root:[5, 3] loss: 4.554e-01
INFO:root:[5, 4] loss: 4.517e-01
INFO:root:[5, 5] loss: 4.278e-01
INFO:root:[5, 6] loss: 4.571e-01
INFO:root:[5, 7] loss: 5.270e-01
INFO:root:[5, 8] loss: 5.384e-01
INFO:root:[5, 9] loss: 5.291e-01
INFO:root:[5, 10] loss: 4.479e-01
INFO:root:[5, 11] loss: 4.042e-01
INFO:root:[5, 12] loss: 5.131e-01
